<?xml version="1.0" encoding="UTF-8"?>
<!-- Generated by org.testng.reporters.JUnitXMLReporter -->
<testsuite ignored="0" hostname="LAPTOP-K5PFSJS5" failures="1" tests="1" name="SpiceJetTest" time="23.351" errors="0" timestamp="2021-11-01T00:20:30 IST">
  <testcase classname="SpiceJetProject.App" name="SearchFlight" time="23.27">
    <failure type="org.openqa.selenium.WebDriverException" message="Element &amp;lt;circle&amp;gt; is not clickable at point (174,118) because another element &amp;lt;circle&amp;gt; obscures it
Build info: version: &amp;apos;3.4.0&amp;apos;, revision: &amp;apos;unknown&amp;apos;, time: &amp;apos;unknown&amp;apos;
System info: host: &amp;apos;LAPTOP-K5PFSJS5&amp;apos;, ip: &amp;apos;192.168.29.154&amp;apos;, os.name: &amp;apos;Windows 10&amp;apos;, os.arch: &amp;apos;amd64&amp;apos;, os.version: &amp;apos;10.0&amp;apos;, java.version: &amp;apos;16.0.1&amp;apos;
Driver info: org.openqa.selenium.firefox.FirefoxDriver
Capabilities [{moz:profile=C:\Users\002EB4744\AppData\Local\Temp\rust_mozprofileKPCUZc, moz:geckodriverVersion=0.29.1, timeouts={implicit=0.0, pageLoad=300000.0, script=30000.0}, pageLoadStrategy=normal, unhandledPromptBehavior=dismiss and notify, strictFileInteractability=false, moz:headless=false, platform=ANY, proxy=Proxy(), moz:accessibilityChecks=false, moz:useNonSpecCompliantPointerOrigin=false, acceptInsecureCerts=true, browserVersion=93.0, moz:shutdownTimeout=60000.0, platformVersion=10.0, moz:processID=26728.0, browserName=firefox, moz:buildID=20210927210923, javascriptEnabled=true, platformName=windows, setWindowRect=true, moz:webdriverClick=true}]
Session ID: a99921dd-d21d-4025-b320-27662d81fdd5">
      <![CDATA[org.openqa.selenium.WebDriverException: Element <circle> is not clickable at point (174,118) because another element <circle> obscures it
Build info: version: '3.4.0', revision: 'unknown', time: 'unknown'
System info: host: 'LAPTOP-K5PFSJS5', ip: '192.168.29.154', os.name: 'Windows 10', os.arch: 'amd64', os.version: '10.0', java.version: '16.0.1'
Driver info: org.openqa.selenium.firefox.FirefoxDriver
Capabilities [{moz:profile=C:\Users\002EB4744\AppData\Local\Temp\rust_mozprofileKPCUZc, moz:geckodriverVersion=0.29.1, timeouts={implicit=0.0, pageLoad=300000.0, script=30000.0}, pageLoadStrategy=normal, unhandledPromptBehavior=dismiss and notify, strictFileInteractability=false, moz:headless=false, platform=ANY, proxy=Proxy(), moz:accessibilityChecks=false, moz:useNonSpecCompliantPointerOrigin=false, acceptInsecureCerts=true, browserVersion=93.0, moz:shutdownTimeout=60000.0, platformVersion=10.0, moz:processID=26728.0, browserName=firefox, moz:buildID=20210927210923, javascriptEnabled=true, platformName=windows, setWindowRect=true, moz:webdriverClick=true}]
Session ID: a99921dd-d21d-4025-b320-27662d81fdd5
at org.openqa.selenium.remote.http.W3CHttpResponseCodec.createException(W3CHttpResponseCodec.java:150)
at org.openqa.selenium.remote.http.W3CHttpResponseCodec.decode(W3CHttpResponseCodec.java:115)
at org.openqa.selenium.remote.http.W3CHttpResponseCodec.decode(W3CHttpResponseCodec.java:45)
at org.openqa.selenium.remote.HttpCommandExecutor.execute(HttpCommandExecutor.java:164)
at org.openqa.selenium.remote.service.DriverCommandExecutor.execute(DriverCommandExecutor.java:82)
at org.openqa.selenium.remote.RemoteWebDriver.execute(RemoteWebDriver.java:637)
at org.openqa.selenium.remote.RemoteWebElement.execute(RemoteWebElement.java:272)
at org.openqa.selenium.remote.RemoteWebElement.click(RemoteWebElement.java:82)
at SpiceJetProject.App.explicitWait(App.java:73)
at SpiceJetProject.App.SearchFlight(App.java:53)
at java.base/java.util.ArrayList.forEach(ArrayList.java:1511)
... Removed 32 stack frames]]>
    </failure>
  </testcase> <!-- SearchFlight -->
</testsuite> <!-- SpiceJetTest -->
