<?xml version="1.0" encoding="UTF-8"?>
<testng-results ignored="0" total="1" passed="1" failed="0" skipped="0">
  <reporter-output>
  </reporter-output>
  <suite started-at="2021-11-01T00:25:11 IST" name="Default suite" finished-at="2021-11-01T00:25:44 IST" duration-ms="32109">
    <groups>
    </groups>
    <test started-at="2021-11-01T00:25:11 IST" name="Default test" finished-at="2021-11-01T00:25:44 IST" duration-ms="32109">
      <class name="SpiceJetProject.App">
        <test-method signature="SearchFlight()[pri:0, instance:SpiceJetProject.App@ea6147e]" started-at="2021-11-01T00:25:12 IST" name="SearchFlight" finished-at="2021-11-01T00:25:44 IST" duration-ms="32058" status="PASS">
          <reporter-output>
          </reporter-output>
        </test-method> <!-- SearchFlight -->
      </class> <!-- SpiceJetProject.App -->
    </test> <!-- Default test -->
  </suite> <!-- Default suite -->
</testng-results>
